<?xml version="1.0" encoding="UTF-8"?>
<!-- Generated by org.testng.reporters.JUnitXMLReporter -->
<testsuite ignored="0" hostname="DESKTOP-I3R9PLS" failures="0" tests="3" name="Default test" time="20.156" errors="0" timestamp="2023-02-24T12:57:51 IST">
  <testcase classname="mavenPackage.ExcelJxlClass" name="loginWithUsPw" time="6.927"/>
  <testcase classname="mavenPackage.ExcelJxlClass" name="loginWithUsPw" time="6.106"/>
  <testcase classname="mavenPackage.ExcelJxlClass" name="loginWithUsPw" time="6.887"/>
</testsuite> <!-- Default test -->
