<?xml version="1.0" encoding="UTF-8"?>
<testng-results ignored="0" total="3" passed="3" failed="0" skipped="0">
  <reporter-output>
  </reporter-output>
  <suite started-at="2023-02-24T12:57:31 IST" name="Default suite" finished-at="2023-02-24T12:57:51 IST" duration-ms="20156">
    <groups>
    </groups>
    <test started-at="2023-02-24T12:57:31 IST" name="Default test" finished-at="2023-02-24T12:57:51 IST" duration-ms="20156">
      <class name="mavenPackage.ExcelJxlClass">
        <test-method signature="loginWithUsPw(java.lang.String,java.lang.String)[pri:0, instance:mavenPackage.ExcelJxlClass@6b927fb]" started-at="2023-02-24T12:57:31 IST" name="loginWithUsPw" data-provider="loginData" finished-at="2023-02-24T12:57:38 IST" duration-ms="6927" status="PASS">
          <params>
            <param index="0">
              <value>
                <![CDATA[hello]]>
              </value>
            </param>
            <param index="1">
              <value>
                <![CDATA[abc@123]]>
              </value>
            </param>
          </params>
          <reporter-output>
          </reporter-output>
        </test-method> <!-- loginWithUsPw -->
        <test-method signature="loginWithUsPw(java.lang.String,java.lang.String)[pri:0, instance:mavenPackage.ExcelJxlClass@6b927fb]" started-at="2023-02-24T12:57:38 IST" name="loginWithUsPw" data-provider="loginData" finished-at="2023-02-24T12:57:44 IST" duration-ms="6106" status="PASS">
          <params>
            <param index="0">
              <value>
                <![CDATA[hi]]>
              </value>
            </param>
            <param index="1">
              <value>
                <![CDATA[hi@123]]>
              </value>
            </param>
          </params>
          <reporter-output>
          </reporter-output>
        </test-method> <!-- loginWithUsPw -->
        <test-method signature="loginWithUsPw(java.lang.String,java.lang.String)[pri:0, instance:mavenPackage.ExcelJxlClass@6b927fb]" started-at="2023-02-24T12:57:44 IST" name="loginWithUsPw" data-provider="loginData" finished-at="2023-02-24T12:57:51 IST" duration-ms="6887" status="PASS">
          <params>
            <param index="0">
              <value>
                <![CDATA[okay]]>
              </value>
            </param>
            <param index="1">
              <value>
                <![CDATA[oi@123]]>
              </value>
            </param>
          </params>
          <reporter-output>
          </reporter-output>
        </test-method> <!-- loginWithUsPw -->
      </class> <!-- mavenPackage.ExcelJxlClass -->
    </test> <!-- Default test -->
  </suite> <!-- Default suite -->
</testng-results>
